[I 2026-08-02 01:34:20,423] Trial 26241 finished with value: -36.65792611015266 and parameters: {'entry_sma_mult': 0.9954999999999999, 'entry_rsi_min': 39, 'entry_rsi_max': 49, 'take_profit_pct': 0.008, 'hold_ticks': 120, 'exit_sma_mult': 1.0045, 'position_size': 0.2}. Best is trial 4279 with value: -2.902454481144905.
[I 2026-08-02 01:34:21,502] Trial 26242 finished with value: -2.902454481144905 and parameters: {'entry_sma_mult': 0.996, 'entry_rsi_min': 40, 'entry_rsi_max': 49, 'take_profit_pct': 0.007, 'hold_ticks': 140, 'exit_sma_mult': 1.0045, 'position_size': 0.2}. Best is trial 4279 with value: -2.902454481144905.
[I 2026-08-02 01:34:22,583] Trial 26243 finished with value: -8.09223496373519 and parameters: {'entry_sma_mult': 0.995, 'entry_rsi_min': 40, 'entry_rsi_max': 50, 'take_profit_pct': 0.007, 'hold_ticks': 120, 'exit_sma_mult': 1.0045, 'position_size': 0.2}. Best is trial 4279 with value: -2.902454481144905.
[I 2026-08-02 01:34:23,652] Trial 26244 finished with value: -28.72279557433671 and parameters: {'entry_sma_mult': 0.996, 'entry_rsi_min': 40, 'entry_rsi_max': 49, 'take_profit_pct': 0.007, 'hold_ticks': 110, 'exit_sma_mult': 1.0045, 'position_size': 0.2}. Best is trial 4279 with value: -2.902454481144905.
[I 2026-08-02 01:34:24,733] Trial 26245 finished with value: -30.697002813706582 and parameters: {'entry_sma_mult': 0.997, 'entry_rsi_min': 39, 'entry_rsi_max': 49, 'take_profit_pct': 0.006, 'hold_ticks': 150, 'exit_sma_mult': 1.0045, 'position_size': 0.2}. Best is trial 4279 with value: -2.902454481144905.
[I 2026-08-02 01:34:25,786] Trial 26246 finished with value: -35.07440495945735 and parameters: {'entry_sma_mult': 0.9964999999999999, 'entry_rsi_min': 40, 'entry_rsi_max': 48, 'take_profit_pct': 0.008, 'hold_ticks': 130, 'exit_sma_mult': 1.0045, 'position_size': 0.22}. Best is trial 4279 with value: -2.902454481144905.
[I 2026-08-02 01:34:26,883] Trial 26247 finished with value: -44.699631749809996 and parameters: {'entry_sma_mult': 0.9954999999999999, 'entry_rsi_min': 39, 'entry_rsi_max': 49, 'take_profit_pct': 0.007, 'hold_ticks': 130, 'exit_sma_mult': 1.0045, 'position_size': 0.2}. Best is trial 4279 with value: -2.902454481144905.
[I 2026-08-02 01:34:27,978] Trial 26248 finished with value: -3.344216441465087 and parameters: {'entry_sma_mult': 0.996, 'entry_rsi_min': 40, 'entry_rsi_max': 50, 'take_profit_pct': 0.007, 'hold_ticks': 120, 'exit_sma_mult': 1.0045, 'position_size': 0.2}. Best is trial 4279 with value: -2.902454481144905.
[I 2026-08-02 01:34:28,954] Trial 26249 finished with value: -21.89011407478445 and parameters: {'entry_sma_mult': 0.996, 'entry_rsi_min': 39, 'entry_rsi_max': 49, 'take_profit_pct': 0.008, 'hold_ticks': 140, 'exit_sma_mult': 1.0045, 'position_size': 0.2}. Best is trial 4279 with value: -2.902454481144905.
[I 2026-08-02 01:34:30,043] Trial 26250 finished with value: -28.927912533968676 and parameters: {'entry_sma_mult': 0.9964999999999999, 'entry_rsi_min': 40, 'entry_rsi_max': 48, 'take_profit_pct': 0.006, 'hold_ticks': 130, 'exit_sma_mult': 1.0045, 'position_size': 0.2}. Best is trial 4279 with value: -2.902454481144905.
[I 2026-08-02 01:34:31,085] Trial 26251 finished with value: -2.902454481144905 and parameters: {'entry_sma_mult': 0.996, 'entry_rsi_min': 40, 'entry_rsi_max': 49, 'take_profit_pct': 0.007, 'hold_ticks': 120, 'exit_sma_mult': 1.0045, 'position_size': 0.2}. Best is trial 4279 with value: -2.902454481144905.
[I 2026-08-02 01:34:32,124] Trial 26252 finished with value: -925.3652165282593 and parameters: {'entry_sma_mult': 0.9954999999999999, 'entry_rsi_min': 40, 'entry_rsi_max': 49, 'take_profit_pct': 0.007, 'hold_ticks': 110, 'exit_sma_mult': 1.0045, 'position_size': 0.2}. Best is trial 4279 with value: -2.902454481144905.
[I 2026-08-02 01:34:33,205] Trial 26253 finished with value: -26.86562619011614 and parameters: {'entry_sma_mult': 0.9964999999999999, 'entry_rsi_min': 40, 'entry_rsi_max': 49, 'take_profit_pct': 0.008, 'hold_ticks': 50, 'exit_sma_mult': 1.0045, 'position_size': 0.2}. Best is trial 4279 with value: -2.902454481144905.
[I 2026-08-02 01:34:34,264] Trial 26254 finished with value: -37.59444783434658 and parameters: {'entry_sma_mult': 0.996, 'entry_rsi_min': 38, 'entry_rsi_max': 50, 'take_profit_pct': 0.006, 'hold_ticks': 130, 'exit_sma_mult': 1.0045, 'position_size': 0.2}. Best is trial 4279 with value: -2.902454481144905.
[I 2026-08-02 01:34:35,347] Trial 26255 finished with value: -100.23800353633938 and parameters: {'entry_sma_mult': 1.003, 'entry_rsi_min': 39, 'entry_rsi_max': 46, 'take_profit_pct': 0.007, 'hold_ticks': 120, 'exit_sma_mult': 1.0045, 'position_size': 0.22}. Best is trial 4279 with value: -2.902454481144905.
[I 2026-08-02 01:34:36,476] Trial 26256 finished with value: -9.350168800895407 and parameters: {'entry_sma_mult': 0.9954999999999999, 'entry_rsi_min': 40, 'entry_rsi_max': 49, 'take_profit_pct': 0.007, 'hold_ticks': 130, 'exit_sma_mult': 1.0045, 'position_size': 0.26}. Best is trial 4279 with value: -2.902454481144905.
[I 2026-08-02 01:34:37,576] Trial 26257 finished with value: -10.37968833355514 and parameters: {'entry_sma_mult': 0.996, 'entry_rsi_min': 40, 'entry_rsi_max': 48, 'take_profit_pct': 0.008, 'hold_ticks': 140, 'exit_sma_mult': 1.0045, 'position_size': 0.2}. Best is trial 4279 with value: -2.902454481144905.
[I 2026-08-02 01:34:38,648] Trial 26258 finished with value: -631.0524255356919 and parameters: {'entry_sma_mult': 0.9964999999999999, 'entry_rsi_min': 40, 'entry_rsi_max': 50, 'take_profit_pct': 0.006, 'hold_ticks': 110, 'exit_sma_mult': 1.0045, 'position_size': 0.2}. Best is trial 4279 with value: -2.902454481144905.
[I 2026-08-02 01:34:39,689] Trial 26259 finished with value: -23.011324075981555 and parameters: {'entry_sma_mult': 0.996, 'entry_rsi_min': 39, 'entry_rsi_max': 49, 'take_profit_pct': 0.007, 'hold_ticks': 120, 'exit_sma_mult': 1.0045, 'position_size': 0.2}. Best is trial 4279 with value: -2.902454481144905.
[I 2026-08-02 01:34:40,724] Trial 26260 finished with value: -23.011324075981555 and parameters: {'entry_sma_mult': 0.996, 'entry_rsi_min': 39, 'entry_rsi_max': 49, 'take_profit_pct': 0.007, 'hold_ticks': 130, 'exit_sma_mult': 1.0045, 'position_size': 0.2}. Best is trial 4279 with value: -2.902454481144905.
[I 2026-08-02 01:34:41,784] Trial 26261 finished with value: -21.679236692140442 and parameters: {'entry_sma_mult': 0.9964999999999999, 'entry_rsi_min': 40, 'entry_rsi_max': 50, 'take_profit_pct': 0.007, 'hold_ticks': 140, 'exit_sma_mult': 1.0045, 'position_size': 0.2}. Best is trial 4279 with value: -2.902454481144905.
[I 2026-08-02 01:34:42,822] Trial 26262 finished with value: -20.038242308743413 and parameters: {'entry_sma_mult': 0.9954999999999999, 'entry_rsi_min': 40, 'entry_rsi_max': 48, 'take_profit_pct': 0.006, 'hold_ticks': 120, 'exit_sma_mult': 1.0045, 'position_size': 0.2}. Best is trial 4279 with value: -2.902454481144905.
[I 2026-08-02 01:34:43,860] Trial 26263 finished with value: -3.532460387720512 and parameters: {'entry_sma_mult': 0.996, 'entry_rsi_min': 40, 'entry_rsi_max': 49, 'take_profit_pct': 0.008, 'hold_ticks': 130, 'exit_sma_mult': 1.0045, 'position_size': 0.2}. Best is trial 4279 with value: -2.902454481144905.
[I 2026-08-02 01:34:44,918] Trial 26264 finished with value: -23.011324075981555 and parameters: {'entry_sma_mult': 0.996, 'entry_rsi_min': 39, 'entry_rsi_max': 49, 'take_profit_pct': 0.007, 'hold_ticks': 130, 'exit_sma_mult': 1.0045, 'position_size': 0.2}. Best is trial 4279 with value: -2.902454481144905.
[I 2026-08-02 01:34:45,956] Trial 26265 finished with value: -1207.049366894095 and parameters: {'entry_sma_mult': 0.9954999999999999, 'entry_rsi_min': 40, 'entry_rsi_max': 49, 'take_profit_pct': 0.008, 'hold_ticks': 110, 'exit_sma_mult': 1.0045, 'position_size': 0.22}. Best is trial 4279 with value: -2.902454481144905.
[I 2026-08-02 01:34:46,982] Trial 26266 finished with value: -3.3875436648761754 and parameters: {'entry_sma_mult': 0.996, 'entry_rsi_min': 40, 'entry_rsi_max': 49, 'take_profit_pct': 0.005, 'hold_ticks': 120, 'exit_sma_mult': 1.004, 'position_size': 0.2}. Best is trial 4279 with value: -2.902454481144905.
[I 2026-08-02 01:34:48,034] Trial 26267 finished with value: -17.83556876858729 and parameters: {'entry_sma_mult': 0.9964999999999999, 'entry_rsi_min': 40, 'entry_rsi_max': 49, 'take_profit_pct': 0.007, 'hold_ticks': 130, 'exit_sma_mult': 1.0045, 'position_size': 0.2}. Best is trial 4279 with value: -2.902454481144905.
[I 2026-08-02 01:34:49,020] Trial 26268 finished with value: -184.358652021986 and parameters: {'entry_sma_mult': 0.9954999999999999, 'entry_rsi_min': 39, 'entry_rsi_max': 48, 'take_profit_pct': 0.006, 'hold_ticks': 140, 'exit_sma_mult': 1.0045, 'position_size': 0.2}. Best is trial 4279 with value: -2.902454481144905.
[I 2026-08-02 01:34:50,057] Trial 26269 finished with value: -2.902454481144905 and parameters: {'entry_sma_mult': 0.996, 'entry_rsi_min': 40, 'entry_rsi_max': 49, 'take_profit_pct': 0.007, 'hold_ticks': 120, 'exit_sma_mult': 1.0045, 'position_size': 0.2}. Best is trial 4279 with value: -2.902454481144905.
[I 2026-08-02 01:34:51,136] Trial 26270 finished with value: -57.322253655453466 and parameters: {'entry_sma_mult': 0.9964999999999999, 'entry_rsi_min': 39, 'entry_rsi_max': 50, 'take_profit_pct': 0.008, 'hold_ticks': 140, 'exit_sma_mult': 1.0045, 'position_size': 0.2}. Best is trial 4279 with value: -2.902454481144905.
[I 2026-08-02 01:34:52,159] Trial 26271 finished with value: -146.49674383512428 and parameters: {'entry_sma_mult': 0.997, 'entry_rsi_min': 39, 'entry_rsi_max': 49, 'take_profit_pct': 0.007, 'hold_ticks': 110, 'exit_sma_mult': 1.0045, 'position_size': 0.22}. Best is trial 4279 with value: -2.902454481144905.
[I 2026-08-02 01:34:53,188] Trial 26272 finished with value: -3.5110582926038663 and parameters: {'entry_sma_mult': 0.996, 'entry_rsi_min': 40, 'entry_rsi_max': 48, 'take_profit_pct': 0.006, 'hold_ticks': 130, 'exit_sma_mult': 1.0045, 'position_size': 0.2}. Best is trial 4279 with value: -2.902454481144905.
[I 2026-08-02 01:34:54,256] Trial 26273 finished with value: -3.651905213330956 and parameters: {'entry_sma_mult': 0.996, 'entry_rsi_min': 40, 'entry_rsi_max': 49, 'take_profit_pct': 0.009000000000000001, 'hold_ticks': 120, 'exit_sma_mult': 1.0045, 'position_size': 0.2}. Best is trial 4279 with value: -2.902454481144905.
[I 2026-08-02 01:34:55,285] Trial 26274 finished with value: -8.693599373620364 and parameters: {'entry_sma_mult': 0.9954999999999999, 'entry_rsi_min': 40, 'entry_rsi_max': 49, 'take_profit_pct': 0.007, 'hold_ticks': 130, 'exit_sma_mult': 1.005, 'position_size': 0.2}. Best is trial 4279 with value: -2.902454481144905.
[I 2026-08-02 01:34:56,355] Trial 26275 finished with value: -3.38228728134447 and parameters: {'entry_sma_mult': 0.996, 'entry_rsi_min': 40, 'entry_rsi_max': 50, 'take_profit_pct': 0.006, 'hold_ticks': 120, 'exit_sma_mult': 1.0045, 'position_size': 0.2}. Best is trial 4279 with value: -2.902454481144905.
[I 2026-08-02 01:34:57,463] Trial 26276 finished with value: -2.902454481144905 and parameters: {'entry_sma_mult': 0.996, 'entry_rsi_min': 40, 'entry_rsi_max': 49, 'take_profit_pct': 0.007, 'hold_ticks': 130, 'exit_sma_mult': 1.004, 'position_size': 0.2}. Best is trial 4279 with value: -2.902454481144905.
[I 2026-08-02 01:34:58,554] Trial 26277 finished with value: -36.65792611015266 and parameters: {'entry_sma_mult': 0.9954999999999999, 'entry_rsi_min': 39, 'entry_rsi_max': 49, 'take_profit_pct': 0.008, 'hold_ticks': 140, 'exit_sma_mult': 1.0045, 'position_size': 0.2}. Best is trial 4279 with value: -2.902454481144905.
[I 2026-08-02 01:34:59,640] Trial 26278 finished with value: -21.679236692140442 and parameters: {'entry_sma_mult': 0.9964999999999999, 'entry_rsi_min': 40, 'entry_rsi_max': 50, 'take_profit_pct': 0.007, 'hold_ticks': 120, 'exit_sma_mult': 1.0045, 'position_size': 0.2}. Best is trial 4279 with value: -2.902454481144905.
[I 2026-08-02 01:35:00,765] Trial 26279 finished with value: -74.64522759477175 and parameters: {'entry_sma_mult': 0.995, 'entry_rsi_min': 27, 'entry_rsi_max': 49, 'take_profit_pct': 0.006, 'hold_ticks': 130, 'exit_sma_mult': 1.0045, 'position_size': 0.2}. Best is trial 4279 with value: -2.902454481144905.
[I 2026-08-02 01:35:01,887] Trial 26280 finished with value: -34.353691952888816 and parameters: {'entry_sma_mult': 0.9964999999999999, 'entry_rsi_min': 40, 'entry_rsi_max': 48, 'take_profit_pct': 0.008, 'hold_ticks': 140, 'exit_sma_mult': 1.0045, 'position_size': 0.2}. Best is trial 4279 with value: -2.902454481144905.
[I 2026-08-02 01:35:02,966] Trial 26281 finished with value: -104.02292446836115 and parameters: {'entry_sma_mult': 0.9954999999999999, 'entry_rsi_min': 39, 'entry_rsi_max': 49, 'take_profit_pct': 0.007, 'hold_ticks': 100, 'exit_sma_mult': 1.0045, 'position_size': 0.22}. Best is trial 4279 with value: -2.902454481144905.
[I 2026-08-02 01:35:04,013] Trial 26282 finished with value: -21.89011407478445 and parameters: {'entry_sma_mult': 0.996, 'entry_rsi_min': 39, 'entry_rsi_max': 49, 'take_profit_pct': 0.008, 'hold_ticks': 120, 'exit_sma_mult': 1.0045, 'position_size': 0.2}. Best is trial 4279 with value: -2.902454481144905.
[I 2026-08-02 01:35:05,105] Trial 26283 finished with value: -5.956273637789 and parameters: {'entry_sma_mult': 0.996, 'entry_rsi_min': 40, 'entry_rsi_max': 47, 'take_profit_pct': 0.007, 'hold_ticks': 150, 'exit_sma_mult': 1.0045, 'position_size': 0.2}. Best is trial 4279 with value: -2.902454481144905.
[I 2026-08-02 01:35:06,196] Trial 26284 finished with value: -226.202799949096 and parameters: {'entry_sma_mult': 0.9964999999999999, 'entry_rsi_min': 40, 'entry_rsi_max': 48, 'take_profit_pct': 0.007, 'hold_ticks': 110, 'exit_sma_mult': 1.0045, 'position_size': 0.2}. Best is trial 4279 with value: -2.902454481144905.
[I 2026-08-02 01:35:07,225] Trial 26285 finished with value: -38.49881679894662 and parameters: {'entry_sma_mult': 0.996, 'entry_rsi_min': 38, 'entry_rsi_max': 50, 'take_profit_pct': 0.006, 'hold_ticks': 130, 'exit_sma_mult': 1.0045, 'position_size': 0.22}. Best is trial 4279 with value: -2.902454481144905.
[I 2026-08-02 01:35:08,264] Trial 26286 finished with value: -2.940589964403898 and parameters: {'entry_sma_mult': 0.996, 'entry_rsi_min': 40, 'entry_rsi_max': 49, 'take_profit_pct': 0.006, 'hold_ticks': 120, 'exit_sma_mult': 1.0045, 'position_size': 0.2}. Best is trial 4279 with value: -2.902454481144905.
[I 2026-08-02 01:35:09,282] Trial 26287 finished with value: -21.89011407478445 and parameters: {'entry_sma_mult': 0.996, 'entry_rsi_min': 39, 'entry_rsi_max': 49, 'take_profit_pct': 0.008, 'hold_ticks': 130, 'exit_sma_mult': 1.0045, 'position_size': 0.2}. Best is trial 4279 with value: -2.902454481144905.
[I 2026-08-02 01:35:10,342] Trial 26288 finished with value: -29.56931898067367 and parameters: {'entry_sma_mult': 0.9964999999999999, 'entry_rsi_min': 40, 'entry_rsi_max': 48, 'take_profit_pct': 0.007, 'hold_ticks': 150, 'exit_sma_mult': 1.0045, 'position_size': 0.2}. Best is trial 4279 with value: -2.902454481144905.
[I 2026-08-02 01:35:11,365] Trial 26289 finished with value: -8.693599373620364 and parameters: {'entry_sma_mult': 0.9954999999999999, 'entry_rsi_min': 40, 'entry_rsi_max': 49, 'take_profit_pct': 0.007, 'hold_ticks': 130, 'exit_sma_mult': 1.0045, 'position_size': 0.2}. Best is trial 4279 with value: -2.902454481144905.
[I 2026-08-02 01:35:12,428] Trial 26290 finished with value: -70.20448779407671 and parameters: {'entry_sma_mult': 0.9954999999999999, 'entry_rsi_min': 39, 'entry_rsi_max': 50, 'take_profit_pct': 0.007, 'hold_ticks': 120, 'exit_sma_mult': 1.0045, 'position_size': 0.2}. Best is trial 4279 with value: -2.902454481144905.
[I 2026-08-02 01:35:13,488] Trial 26291 finished with value: -5.22215259614215 and parameters: {'entry_sma_mult': 0.996, 'entry_rsi_min': 40, 'entry_rsi_max': 49, 'take_profit_pct': 0.007, 'hold_ticks': 140, 'exit_sma_mult': 1.0045, 'position_size': 0.36}. Best is trial 4279 with value: -2.902454481144905.
[I 2026-08-02 01:35:14,558] Trial 26292 finished with value: -3.5110582926038663 and parameters: {'entry_sma_mult': 0.996, 'entry_rsi_min': 40, 'entry_rsi_max': 48, 'take_profit_pct': 0.006, 'hold_ticks': 120, 'exit_sma_mult': 1.0045, 'position_size': 0.2}. Best is trial 4279 with value: -2.902454481144905.
[I 2026-08-02 01:35:15,610] Trial 26293 finished with value: -182.1624424123124 and parameters: {'entry_sma_mult': 0.996, 'entry_rsi_min': 39, 'entry_rsi_max': 49, 'take_profit_pct': 0.008, 'hold_ticks': 100, 'exit_sma_mult': 1.0045, 'position_size': 0.2}. Best is trial 4279 with value: -2.902454481144905.
[I 2026-08-02 01:35:16,612] Trial 26294 finished with value: -1207.049366894095 and parameters: {'entry_sma_mult': 0.9954999999999999, 'entry_rsi_min': 40, 'entry_rsi_max': 49, 'take_profit_pct': 0.008, 'hold_ticks': 110, 'exit_sma_mult': 1.0045, 'position_size': 0.22}. Best is trial 4279 with value: -2.902454481144905.
[I 2026-08-02 01:35:17,672] Trial 26295 finished with value: -21.679236692140442 and parameters: {'entry_sma_mult': 0.9964999999999999, 'entry_rsi_min': 40, 'entry_rsi_max': 50, 'take_profit_pct': 0.007, 'hold_ticks': 130, 'exit_sma_mult': 1.0045, 'position_size': 0.2}. Best is trial 4279 with value: -2.902454481144905.
[I 2026-08-02 01:35:18,691] Trial 26296 finished with value: -54.42405216915302 and parameters: {'entry_sma_mult': 0.996, 'entry_rsi_min': 39, 'entry_rsi_max': 48, 'take_profit_pct': 0.007, 'hold_ticks': 140, 'exit_sma_mult': 1.0045, 'position_size': 0.2}. Best is trial 4279 with value: -2.902454481144905.
[I 2026-08-02 01:35:19,727] Trial 26297 finished with value: -2.940589964403898 and parameters: {'entry_sma_mult': 0.996, 'entry_rsi_min': 40, 'entry_rsi_max': 49, 'take_profit_pct': 0.006, 'hold_ticks': 130, 'exit_sma_mult': 1.0045, 'position_size': 0.2}. Best is trial 4279 with value: -2.902454481144905.
[I 2026-08-02 01:35:20,764] Trial 26298 finished with value: -8.693599373620364 and parameters: {'entry_sma_mult': 0.9954999999999999, 'entry_rsi_min': 40, 'entry_rsi_max': 49, 'take_profit_pct': 0.007, 'hold_ticks': 120, 'exit_sma_mult': 1.0045, 'position_size': 0.2}. Best is trial 4279 with value: -2.902454481144905.
[I 2026-08-02 01:35:21,788] Trial 26299 finished with value: -143.86888480416175 and parameters: {'entry_sma_mult': 0.9964999999999999, 'entry_rsi_min': 40, 'entry_rsi_max': 49, 'take_profit_pct': 0.006, 'hold_ticks': 110, 'exit_sma_mult': 1.0045, 'position_size': 0.2}. Best is trial 4279 with value: -2.902454481144905.
[I 2026-08-02 01:35:22,801] Trial 26300 finished with value: -3.97363967700001 and parameters: {'entry_sma_mult': 0.996, 'entry_rsi_min': 40, 'entry_rsi_max': 50, 'take_profit_pct': 0.008, 'hold_ticks': 130, 'exit_sma_mult': 1.0045, 'position_size': 0.2}. Best is trial 4279 with value: -2.902454481144905.
[I 2026-08-02 01:35:23,836] Trial 26301 finished with value: -66.94324794650335 and parameters: {'entry_sma_mult': 0.9964999999999999, 'entry_rsi_min': 39, 'entry_rsi_max': 51, 'take_profit_pct': 0.007, 'hold_ticks': 140, 'exit_sma_mult': 1.0045, 'position_size': 0.2}. Best is trial 4279 with value: -2.902454481144905.
[I 2026-08-02 01:35:24,876] Trial 26302 finished with value: -8.50821971295587 and parameters: {'entry_sma_mult': 0.995, 'entry_rsi_min': 40, 'entry_rsi_max': 49, 'take_profit_pct': 0.007, 'hold_ticks': 120, 'exit_sma_mult': 1.0045, 'position_size': 0.2}. Best is trial 4279 with value: -2.902454481144905.
[I 2026-08-02 01:35:25,923] Trial 26303 finished with value: -19.648317126707152 and parameters: {'entry_sma_mult': 0.996, 'entry_rsi_min': 40, 'entry_rsi_max': 48, 'take_profit_pct': 0.009000000000000001, 'hold_ticks': 130, 'exit_sma_mult': 1.0045, 'position_size': 0.2}. Best is trial 4279 with value: -2.902454481144905.
[I 2026-08-02 01:35:26,969] Trial 26304 finished with value: -47.04454385009432 and parameters: {'entry_sma_mult': 0.9954999999999999, 'entry_rsi_min': 39, 'entry_rsi_max': 49, 'take_profit_pct': 0.005, 'hold_ticks': 120, 'exit_sma_mult': 1.0045, 'position_size': 0.2}. Best is trial 4279 with value: -2.902454481144905.
[I 2026-08-02 01:35:28,026] Trial 26305 finished with value: -23.682003867407587 and parameters: {'entry_sma_mult': 0.996, 'entry_rsi_min': 39, 'entry_rsi_max': 49, 'take_profit_pct': 0.007, 'hold_ticks': 130, 'exit_sma_mult': 1.0045, 'position_size': 0.22}. Best is trial 4279 with value: -2.902454481144905.
[I 2026-08-02 01:35:29,063] Trial 26306 finished with value: -2.902454481144905 and parameters: {'entry_sma_mult': 0.996, 'entry_rsi_min': 40, 'entry_rsi_max': 49, 'take_profit_pct': 0.007, 'hold_ticks': 120, 'exit_sma_mult': 1.0045, 'position_size': 0.2}. Best is trial 4279 with value: -2.902454481144905.
[I 2026-08-02 01:35:30,103] Trial 26307 finished with value: -20.169517534992696 and parameters: {'entry_sma_mult': 0.9964999999999999, 'entry_rsi_min': 40, 'entry_rsi_max': 49, 'take_profit_pct': 0.008, 'hold_ticks': 140, 'exit_sma_mult': 1.0045, 'position_size': 0.2}. Best is trial 4279 with value: -2.902454481144905.
[I 2026-08-02 01:35:31,161] Trial 26308 finished with value: -71.35192929706497 and parameters: {'entry_sma_mult': 0.9954999999999999, 'entry_rsi_min': 40, 'entry_rsi_max': 50, 'take_profit_pct': 0.006, 'hold_ticks': 110, 'exit_sma_mult': 1.0045, 'position_size': 0.22}. Best is trial 4279 with value: -2.902454481144905.
[I 2026-08-02 01:35:32,176] Trial 26309 finished with value: -3.973006306555744 and parameters: {'entry_sma_mult': 0.996, 'entry_rsi_min': 40, 'entry_rsi_max': 48, 'take_profit_pct': 0.007, 'hold_ticks': 120, 'exit_sma_mult': 1.0045, 'position_size': 0.2}. Best is trial 4279 with value: -2.902454481144905.
