[I 2026-08-02 01:35:33,207] Trial 26310 finished with value: -46.390535233990626 and parameters: {'entry_sma_mult': 0.9964999999999999, 'entry_rsi_min': 39, 'entry_rsi_max': 49, 'take_profit_pct': 0.008, 'hold_ticks': 130, 'exit_sma_mult': 1.0045, 'position_size': 0.2}. Best is trial 4279 with value: -2.902454481144905.
[I 2026-08-02 01:35:34,253] Trial 26311 finished with value: -5.197396918182385 and parameters: {'entry_sma_mult': 0.996, 'entry_rsi_min': 40, 'entry_rsi_max': 49, 'take_profit_pct': 0.018000000000000002, 'hold_ticks': 130, 'exit_sma_mult': 1.003, 'position_size': 0.2}. Best is trial 4279 with value: -2.902454481144905.
[I 2026-08-02 01:35:35,329] Trial 26312 finished with value: -42.042585996065654 and parameters: {'entry_sma_mult': 0.999, 'entry_rsi_min': 39, 'entry_rsi_max': 50, 'take_profit_pct': 0.006, 'hold_ticks': 140, 'exit_sma_mult': 1.0045, 'position_size': 0.2}. Best is trial 4279 with value: -2.902454481144905.
[I 2026-08-02 01:35:36,517] Trial 26313 finished with value: -35.57970056093537 and parameters: {'entry_sma_mult': 0.996, 'entry_rsi_min': 38, 'entry_rsi_max': 49, 'take_profit_pct': 0.007, 'hold_ticks': 120, 'exit_sma_mult': 1.004, 'position_size': 0.2}. Best is trial 4279 with value: -2.902454481144905.
[I 2026-08-02 01:35:37,575] Trial 26314 finished with value: -44.699631749809996 and parameters: {'entry_sma_mult': 0.9954999999999999, 'entry_rsi_min': 39, 'entry_rsi_max': 49, 'take_profit_pct': 0.007, 'hold_ticks': 120, 'exit_sma_mult': 1.005, 'position_size': 0.2}. Best is trial 4279 with value: -2.902454481144905.
[I 2026-08-02 01:35:38,665] Trial 26315 finished with value: -10.37968833355514 and parameters: {'entry_sma_mult': 0.996, 'entry_rsi_min': 40, 'entry_rsi_max': 48, 'take_profit_pct': 0.008, 'hold_ticks': 130, 'exit_sma_mult': 1.0045, 'position_size': 0.2}. Best is trial 4279 with value: -2.902454481144905.
[I 2026-08-02 01:35:39,692] Trial 26316 finished with value: -100.24627542507895 and parameters: {'entry_sma_mult': 1.001, 'entry_rsi_min': 40, 'entry_rsi_max': 49, 'take_profit_pct': 0.006, 'hold_ticks': 110, 'exit_sma_mult': 1.0045, 'position_size': 0.2}. Best is trial 4279 with value: -2.902454481144905.
[I 2026-08-02 01:35:40,724] Trial 26317 finished with value: -14.850506821148135 and parameters: {'entry_sma_mult': 0.9954999999999999, 'entry_rsi_min': 40, 'entry_rsi_max': 50, 'take_profit_pct': 0.007, 'hold_ticks': 130, 'exit_sma_mult': 1.0045, 'position_size': 0.2}. Best is trial 4279 with value: -2.902454481144905.
[I 2026-08-02 01:35:41,786] Trial 26318 finished with value: -20.169517534992696 and parameters: {'entry_sma_mult': 0.9964999999999999, 'entry_rsi_min': 40, 'entry_rsi_max': 49, 'take_profit_pct': 0.008, 'hold_ticks': 130, 'exit_sma_mult': 1.0045, 'position_size': 0.2}. Best is trial 4279 with value: -2.902454481144905.
[I 2026-08-02 01:35:42,867] Trial 26319 finished with value: -23.011324075981555 and parameters: {'entry_sma_mult': 0.996, 'entry_rsi_min': 39, 'entry_rsi_max': 49, 'take_profit_pct': 0.007, 'hold_ticks': 140, 'exit_sma_mult': 1.0045, 'position_size': 0.2}. Best is trial 4279 with value: -2.902454481144905.
[I 2026-08-02 01:35:43,938] Trial 26320 finished with value: -22.38462300032685 and parameters: {'entry_sma_mult': 0.9964999999999999, 'entry_rsi_min': 40, 'entry_rsi_max': 50, 'take_profit_pct': 0.007, 'hold_ticks': 120, 'exit_sma_mult': 1.0045, 'position_size': 0.22}. Best is trial 4279 with value: -2.902454481144905.
[I 2026-08-02 01:35:44,948] Trial 26321 finished with value: -31.976112739534802 and parameters: {'entry_sma_mult': 0.996, 'entry_rsi_min': 40, 'entry_rsi_max': 49, 'take_profit_pct': 0.006, 'hold_ticks': 110, 'exit_sma_mult': 1.0045, 'position_size': 0.2}. Best is trial 4279 with value: -2.902454481144905.
[I 2026-08-02 01:35:46,025] Trial 26322 finished with value: -3.532460387720512 and parameters: {'entry_sma_mult': 0.996, 'entry_rsi_min': 40, 'entry_rsi_max': 49, 'take_profit_pct': 0.008, 'hold_ticks': 140, 'exit_sma_mult': 1.0045, 'position_size': 0.2}. Best is trial 4279 with value: -2.902454481144905.
[I 2026-08-02 01:35:47,069] Trial 26323 finished with value: -618.5819063707305 and parameters: {'entry_sma_mult': 0.9954999999999999, 'entry_rsi_min': 39, 'entry_rsi_max': 48, 'take_profit_pct': 0.007, 'hold_ticks': 130, 'exit_sma_mult': 1.0045, 'position_size': 0.2}. Best is trial 4279 with value: -2.902454481144905.
[I 2026-08-02 01:35:48,128] Trial 26324 finished with value: -17.83556876858729 and parameters: {'entry_sma_mult': 0.9964999999999999, 'entry_rsi_min': 40, 'entry_rsi_max': 49, 'take_profit_pct': 0.007, 'hold_ticks': 120, 'exit_sma_mult': 1.0045, 'position_size': 0.2}. Best is trial 4279 with value: -2.902454481144905.
[I 2026-08-02 01:35:49,176] Trial 26325 finished with value: -6.175525075425285 and parameters: {'entry_sma_mult': 0.996, 'entry_rsi_min': 40, 'entry_rsi_max': 49, 'take_profit_pct': 0.006, 'hold_ticks': 220, 'exit_sma_mult': 1.0045, 'position_size': 0.2}. Best is trial 4279 with value: -2.902454481144905.
[I 2026-08-02 01:35:50,259] Trial 26326 finished with value: -54.42405216915302 and parameters: {'entry_sma_mult': 0.996, 'entry_rsi_min': 39, 'entry_rsi_max': 48, 'take_profit_pct': 0.007, 'hold_ticks': 130, 'exit_sma_mult': 1.0045, 'position_size': 0.2}. Best is trial 4279 with value: -2.902454481144905.
[I 2026-08-02 01:35:51,300] Trial 26327 finished with value: -16.074798468880047 and parameters: {'entry_sma_mult': 0.997, 'entry_rsi_min': 40, 'entry_rsi_max': 50, 'take_profit_pct': 0.007, 'hold_ticks': 150, 'exit_sma_mult': 1.0045, 'position_size': 0.2}. Best is trial 4279 with value: -2.902454481144905.
[I 2026-08-02 01:35:52,379] Trial 26328 finished with value: -47.769084309675556 and parameters: {'entry_sma_mult': 0.9964999999999999, 'entry_rsi_min': 39, 'entry_rsi_max': 49, 'take_profit_pct': 0.006, 'hold_ticks': 120, 'exit_sma_mult': 1.0045, 'position_size': 0.2}. Best is trial 4279 with value: -2.902454481144905.
[I 2026-08-02 01:35:53,453] Trial 26329 finished with value: -15.074908178164849 and parameters: {'entry_sma_mult': 0.9954999999999999, 'entry_rsi_min': 40, 'entry_rsi_max': 50, 'take_profit_pct': 0.007, 'hold_ticks': 140, 'exit_sma_mult': 1.0045, 'position_size': 0.22}. Best is trial 4279 with value: -2.902454481144905.
[I 2026-08-02 01:35:54,532] Trial 26330 finished with value: -33.175408816768694 and parameters: {'entry_sma_mult': 0.996, 'entry_rsi_min': 40, 'entry_rsi_max': 49, 'take_profit_pct': 0.008, 'hold_ticks': 110, 'exit_sma_mult': 1.0045, 'position_size': 0.2}. Best is trial 4279 with value: -2.902454481144905.
[I 2026-08-02 01:35:55,570] Trial 26331 finished with value: -184.358652021986 and parameters: {'entry_sma_mult': 0.9954999999999999, 'entry_rsi_min': 39, 'entry_rsi_max': 48, 'take_profit_pct': 0.006, 'hold_ticks': 130, 'exit_sma_mult': 1.0045, 'position_size': 0.2}. Best is trial 4279 with value: -2.902454481144905.
[I 2026-08-02 01:35:56,645] Trial 26332 finished with value: -3.651905213330956 and parameters: {'entry_sma_mult': 0.996, 'entry_rsi_min': 40, 'entry_rsi_max': 49, 'take_profit_pct': 0.009000000000000001, 'hold_ticks': 130, 'exit_sma_mult': 1.0045, 'position_size': 0.2}. Best is trial 4279 with value: -2.902454481144905.
[I 2026-08-02 01:35:57,751] Trial 26333 finished with value: -33.175408816768694 and parameters: {'entry_sma_mult': 0.996, 'entry_rsi_min': 40, 'entry_rsi_max': 49, 'take_profit_pct': 0.008, 'hold_ticks': 100, 'exit_sma_mult': 1.005, 'position_size': 0.2}. Best is trial 4279 with value: -2.902454481144905.
[I 2026-08-02 01:35:58,839] Trial 26334 finished with value: -53.04423673239613 and parameters: {'entry_sma_mult': 0.9964999999999999, 'entry_rsi_min': 39, 'entry_rsi_max': 49, 'take_profit_pct': 0.007, 'hold_ticks': 120, 'exit_sma_mult': 1.0045, 'position_size': 0.2}. Best is trial 4279 with value: -2.902454481144905.
[I 2026-08-02 01:35:59,913] Trial 26335 finished with value: -3.973006306555744 and parameters: {'entry_sma_mult': 0.996, 'entry_rsi_min': 40, 'entry_rsi_max': 48, 'take_profit_pct': 0.007, 'hold_ticks': 120, 'exit_sma_mult': 1.0045, 'position_size': 0.2}. Best is trial 4279 with value: -2.902454481144905.
[I 2026-08-02 01:36:01,019] Trial 26336 finished with value: -53.32722243224858 and parameters: {'entry_sma_mult': 0.9954999999999999, 'entry_rsi_min': 38, 'entry_rsi_max': 49, 'take_profit_pct': 0.008, 'hold_ticks': 130, 'exit_sma_mult': 1.0045, 'position_size': 0.2}. Best is trial 4279 with value: -2.902454481144905.



== optuna_12h_core1.log: last 100 lines ==
[I 2026-08-02 01:34:15,448] Trial 26527 finished with value: -58.30364476695466 and parameters: {'entry_sma_mult': 1.0, 'entry_rsi_min': 38, 'entry_rsi_max': 45, 'take_profit_pct': 0.007, 'hold_ticks': 290, 'exit_sma_mult': 1.002, 'position_size': 0.22}. Best is trial 202 with value: -53.09029643408221.
[I 2026-08-02 01:34:16,541] Trial 26528 finished with value: -61.43901315369356 and parameters: {'entry_sma_mult': 1.0, 'entry_rsi_min': 39, 'entry_rsi_max': 45, 'take_profit_pct': 0.008, 'hold_ticks': 300, 'exit_sma_mult': 1.002, 'position_size': 0.2}. Best is trial 202 with value: -53.09029643408221.
[I 2026-08-02 01:34:17,607] Trial 26529 finished with value: -55.73728377438032 and parameters: {'entry_sma_mult': 0.9994999999999999, 'entry_rsi_min': 39, 'entry_rsi_max': 46, 'take_profit_pct': 0.006, 'hold_ticks': 280, 'exit_sma_mult': 1.002, 'position_size': 0.2}. Best is trial 202 with value: -53.09029643408221.
[I 2026-08-02 01:34:18,687] Trial 26530 finished with value: -53.09029643408221 and parameters: {'entry_sma_mult': 1.0, 'entry_rsi_min': 38, 'entry_rsi_max': 45, 'take_profit_pct': 0.007, 'hold_ticks': 290, 'exit_sma_mult': 1.002, 'position_size': 0.2}. Best is trial 202 with value: -53.09029643408221.
[I 2026-08-02 01:34:19,827] Trial 26531 finished with value: -55.16670255762152 and parameters: {'entry_sma_mult': 0.999, 'entry_rsi_min': 40, 'entry_rsi_max': 46, 'take_profit_pct': 0.008, 'hold_ticks': 280, 'exit_sma_mult': 1.002, 'position_size': 0.2}. Best is trial 202 with value: -53.09029643408221.
[I 2026-08-02 01:34:20,909] Trial 26532 finished with value: -57.18543911072676 and parameters: {'entry_sma_mult': 1.0005, 'entry_rsi_min': 38, 'entry_rsi_max': 47, 'take_profit_pct': 0.007, 'hold_ticks': 260, 'exit_sma_mult': 1.002, 'position_size': 0.2}. Best is trial 202 with value: -53.09029643408221.
[I 2026-08-02 01:34:22,104] Trial 26533 finished with value: -53.09029643408221 and parameters: {'entry_sma_mult': 0.9994999999999999, 'entry_rsi_min': 37, 'entry_rsi_max': 45, 'take_profit_pct': 0.007, 'hold_ticks': 290, 'exit_sma_mult': 1.002, 'position_size': 0.2}. Best is trial 202 with value: -53.09029643408221.
[I 2026-08-02 01:34:23,214] Trial 26534 finished with value: -55.73728377438032 and parameters: {'entry_sma_mult': 1.0, 'entry_rsi_min': 39, 'entry_rsi_max': 46, 'take_profit_pct': 0.006, 'hold_ticks': 290, 'exit_sma_mult': 1.002, 'position_size': 0.2}. Best is trial 202 with value: -53.09029643408221.
[I 2026-08-02 01:34:24,330] Trial 26535 finished with value: -53.09029643408221 and parameters: {'entry_sma_mult': 0.9994999999999999, 'entry_rsi_min': 40, 'entry_rsi_max': 45, 'take_profit_pct': 0.007, 'hold_ticks': 290, 'exit_sma_mult': 1.002, 'position_size': 0.2}. Best is trial 202 with value: -53.09029643408221.
[I 2026-08-02 01:34:25,442] Trial 26536 finished with value: -61.43901315369356 and parameters: {'entry_sma_mult': 0.999, 'entry_rsi_min': 39, 'entry_rsi_max': 45, 'take_profit_pct': 0.008, 'hold_ticks': 300, 'exit_sma_mult': 1.002, 'position_size': 0.2}. Best is trial 202 with value: -53.09029643408221.
[I 2026-08-02 01:34:26,567] Trial 26537 finished with value: -55.73728377438032 and parameters: {'entry_sma_mult': 1.0005, 'entry_rsi_min': 39, 'entry_rsi_max': 45, 'take_profit_pct': 0.006, 'hold_ticks': 270, 'exit_sma_mult': 1.002, 'position_size': 0.2}. Best is trial 202 with value: -53.09029643408221.
[I 2026-08-02 01:34:27,685] Trial 26538 finished with value: -58.30364476695466 and parameters: {'entry_sma_mult': 1.0, 'entry_rsi_min': 37, 'entry_rsi_max': 46, 'take_profit_pct': 0.007, 'hold_ticks': 280, 'exit_sma_mult': 1.002, 'position_size': 0.22}. Best is trial 202 with value: -53.09029643408221.
[I 2026-08-02 01:34:28,722] Trial 26539 finished with value: -55.16670255762152 and parameters: {'entry_sma_mult': 0.9994999999999999, 'entry_rsi_min': 38, 'entry_rsi_max': 45, 'take_profit_pct': 0.008, 'hold_ticks': 290, 'exit_sma_mult': 1.002, 'position_size': 0.2}. Best is trial 202 with value: -53.09029643408221.
[I 2026-08-02 01:34:29,806] Trial 26540 finished with value: -58.49745148810169 and parameters: {'entry_sma_mult': 1.0, 'entry_rsi_min': 38, 'entry_rsi_max': 46, 'take_profit_pct': 0.007, 'hold_ticks': 300, 'exit_sma_mult': 1.0025, 'position_size': 0.2}. Best is trial 202 with value: -53.09029643408221.
[I 2026-08-02 01:34:30,859] Trial 26541 finished with value: -55.73728377438032 and parameters: {'entry_sma_mult': 0.9994999999999999, 'entry_rsi_min': 27, 'entry_rsi_max': 45, 'take_profit_pct': 0.006, 'hold_ticks': 270, 'exit_sma_mult': 1.002, 'position_size': 0.2}. Best is trial 202 with value: -53.09029643408221.
[I 2026-08-02 01:34:31,917] Trial 26542 finished with value: -53.09029643408221 and parameters: {'entry_sma_mult': 0.999, 'entry_rsi_min': 40, 'entry_rsi_max': 45, 'take_profit_pct': 0.007, 'hold_ticks': 280, 'exit_sma_mult': 1.002, 'position_size': 0.2}. Best is trial 202 with value: -53.09029643408221.
[I 2026-08-02 01:34:32,980] Trial 26543 finished with value: -64.23208603632484 and parameters: {'entry_sma_mult': 1.0, 'entry_rsi_min': 39, 'entry_rsi_max': 46, 'take_profit_pct': 0.007, 'hold_ticks': 300, 'exit_sma_mult': 1.002, 'position_size': 0.22}. Best is trial 202 with value: -53.09029643408221.
[I 2026-08-02 01:34:34,059] Trial 26544 finished with value: -55.73728377438032 and parameters: {'entry_sma_mult': 1.0, 'entry_rsi_min': 34, 'entry_rsi_max': 45, 'take_profit_pct': 0.006, 'hold_ticks': 290, 'exit_sma_mult': 1.002, 'position_size': 0.2}. Best is trial 202 with value: -53.09029643408221.
[I 2026-08-02 01:34:35,184] Trial 26545 finished with value: -55.16670255762152 and parameters: {'entry_sma_mult': 0.9994999999999999, 'entry_rsi_min': 38, 'entry_rsi_max': 45, 'take_profit_pct': 0.008, 'hold_ticks': 280, 'exit_sma_mult': 1.002, 'position_size': 0.2}. Best is trial 202 with value: -53.09029643408221.
[I 2026-08-02 01:34:36,318] Trial 26546 finished with value: -57.18543911072676 and parameters: {'entry_sma_mult': 0.9994999999999999, 'entry_rsi_min': 39, 'entry_rsi_max': 46, 'take_profit_pct': 0.007, 'hold_ticks': 260, 'exit_sma_mult': 1.002, 'position_size': 0.2}. Best is trial 202 with value: -53.09029643408221.
[I 2026-08-02 01:34:37,430] Trial 26547 finished with value: -55.16670255762152 and parameters: {'entry_sma_mult': 1.0005, 'entry_rsi_min': 40, 'entry_rsi_max': 45, 'take_profit_pct': 0.008, 'hold_ticks': 290, 'exit_sma_mult': 1.002, 'position_size': 0.2}. Best is trial 202 with value: -53.09029643408221.
[I 2026-08-02 01:34:38,549] Trial 26548 finished with value: -58.30364476695466 and parameters: {'entry_sma_mult': 1.0, 'entry_rsi_min': 39, 'entry_rsi_max': 45, 'take_profit_pct': 0.007, 'hold_ticks': 290, 'exit_sma_mult': 1.002, 'position_size': 0.22}. Best is trial 202 with value: -53.09029643408221.
[I 2026-08-02 01:34:39,582] Trial 26549 finished with value: -55.73728377438032 and parameters: {'entry_sma_mult': 0.999, 'entry_rsi_min': 38, 'entry_rsi_max': 46, 'take_profit_pct': 0.006, 'hold_ticks': 280, 'exit_sma_mult': 1.002, 'position_size': 0.2}. Best is trial 202 with value: -53.09029643408221.
[I 2026-08-02 01:34:40,631] Trial 26550 finished with value: -58.49745148810169 and parameters: {'entry_sma_mult': 0.9994999999999999, 'entry_rsi_min': 39, 'entry_rsi_max': 45, 'take_profit_pct': 0.007, 'hold_ticks': 300, 'exit_sma_mult': 1.002, 'position_size': 0.2}. Best is trial 202 with value: -53.09029643408221.
[I 2026-08-02 01:34:41,646] Trial 26551 finished with value: -55.16670255762152 and parameters: {'entry_sma_mult': 0.9984999999999999, 'entry_rsi_min': 38, 'entry_rsi_max': 45, 'take_profit_pct': 0.008, 'hold_ticks': 280, 'exit_sma_mult': 1.002, 'position_size': 0.2}. Best is trial 202 with value: -53.09029643408221.
[I 2026-08-02 01:34:42,696] Trial 26552 finished with value: -58.97727889421138 and parameters: {'entry_sma_mult': 0.9994999999999999, 'entry_rsi_min': 39, 'entry_rsi_max': 47, 'take_profit_pct': 0.02, 'hold_ticks': 270, 'exit_sma_mult': 1.002, 'position_size': 0.2}. Best is trial 202 with value: -53.09029643408221.
[I 2026-08-02 01:34:43,742] Trial 26553 finished with value: -53.09029643408221 and parameters: {'entry_sma_mult': 1.0, 'entry_rsi_min': 40, 'entry_rsi_max': 46, 'take_profit_pct': 0.007, 'hold_ticks': 290, 'exit_sma_mult': 1.002, 'position_size': 0.2}. Best is trial 202 with value: -53.09029643408221.
[I 2026-08-02 01:34:44,792] Trial 26554 finished with value: -53.09029643408221 and parameters: {'entry_sma_mult': 1.0, 'entry_rsi_min': 38, 'entry_rsi_max': 45, 'take_profit_pct': 0.007, 'hold_ticks': 290, 'exit_sma_mult': 1.002, 'position_size': 0.2}. Best is trial 202 with value: -53.09029643408221.
[I 2026-08-02 01:34:45,825] Trial 26555 finished with value: -57.37074175916075 and parameters: {'entry_sma_mult': 0.9994999999999999, 'entry_rsi_min': 38, 'entry_rsi_max': 45, 'take_profit_pct': 0.006, 'hold_ticks': 230, 'exit_sma_mult': 1.002, 'position_size': 0.2}. Best is trial 202 with value: -53.09029643408221.
[I 2026-08-02 01:34:46,840] Trial 26556 finished with value: -93.15941592924291 and parameters: {'entry_sma_mult': 0.999, 'entry_rsi_min': 39, 'entry_rsi_max': 45, 'take_profit_pct': 0.007, 'hold_ticks': 140, 'exit_sma_mult': 1.002, 'position_size': 0.2}. Best is trial 202 with value: -53.09029643408221.
[I 2026-08-02 01:34:47,916] Trial 26557 finished with value: -61.520304927555316 and parameters: {'entry_sma_mult': 1.0005, 'entry_rsi_min': 39, 'entry_rsi_max': 45, 'take_profit_pct': 0.005, 'hold_ticks': 280, 'exit_sma_mult': 1.002, 'position_size': 0.2}. Best is trial 202 with value: -53.09029643408221.
[I 2026-08-02 01:34:48,930] Trial 26558 finished with value: -55.73728377438032 and parameters: {'entry_sma_mult': 0.9994999999999999, 'entry_rsi_min': 38, 'entry_rsi_max': 46, 'take_profit_pct': 0.006, 'hold_ticks': 290, 'exit_sma_mult': 1.002, 'position_size': 0.2}. Best is trial 202 with value: -53.09029643408221.
[I 2026-08-02 01:34:49,988] Trial 26559 finished with value: -115.8882692593426 and parameters: {'entry_sma_mult': 1.0, 'entry_rsi_min': 37, 'entry_rsi_max': 46, 'take_profit_pct': 0.007, 'hold_ticks': 110, 'exit_sma_mult': 1.002, 'position_size': 0.2}. Best is trial 202 with value: -53.09029643408221.
[I 2026-08-02 01:34:51,054] Trial 26560 finished with value: -63.38053139559295 and parameters: {'entry_sma_mult': 0.9994999999999999, 'entry_rsi_min': 39, 'entry_rsi_max': 45, 'take_profit_pct': 0.015, 'hold_ticks': 280, 'exit_sma_mult': 1.002, 'position_size': 0.22}. Best is trial 202 with value: -53.09029643408221.
[I 2026-08-02 01:34:52,107] Trial 26561 finished with value: -61.43901315369356 and parameters: {'entry_sma_mult': 1.0, 'entry_rsi_min': 40, 'entry_rsi_max': 45, 'take_profit_pct': 0.008, 'hold_ticks': 300, 'exit_sma_mult': 1.002, 'position_size': 0.2}. Best is trial 202 with value: -53.09029643408221.
[I 2026-08-02 01:34:53,137] Trial 26562 finished with value: -53.09029643408221 and parameters: {'entry_sma_mult': 0.999, 'entry_rsi_min': 38, 'entry_rsi_max': 46, 'take_profit_pct': 0.007, 'hold_ticks': 270, 'exit_sma_mult': 1.002, 'position_size': 0.2}. Best is trial 202 with value: -53.09029643408221.
[I 2026-08-02 01:34:54,236] Trial 26563 finished with value: -61.43901315369356 and parameters: {'entry_sma_mult': 0.9994999999999999, 'entry_rsi_min': 37, 'entry_rsi_max': 45, 'take_profit_pct': 0.008, 'hold_ticks': 300, 'exit_sma_mult': 1.002, 'position_size': 0.2}. Best is trial 202 with value: -53.09029643408221.
[I 2026-08-02 01:34:55,296] Trial 26564 finished with value: -84.11139077124571 and parameters: {'entry_sma_mult': 0.9954999999999999, 'entry_rsi_min': 39, 'entry_rsi_max': 46, 'take_profit_pct': 0.007, 'hold_ticks': 280, 'exit_sma_mult': 1.002, 'position_size': 0.32}. Best is trial 202 with value: -53.09029643408221.
[I 2026-08-02 01:34:56,398] Trial 26565 finished with value: -55.73728377438032 and parameters: {'entry_sma_mult': 1.0, 'entry_rsi_min': 40, 'entry_rsi_max': 45, 'take_profit_pct': 0.006, 'hold_ticks': 290, 'exit_sma_mult': 1.002, 'position_size': 0.2}. Best is trial 202 with value: -53.09029643408221.
[I 2026-08-02 01:34:57,517] Trial 26566 finished with value: -53.09029643408221 and parameters: {'entry_sma_mult': 1.0005, 'entry_rsi_min': 38, 'entry_rsi_max': 45, 'take_profit_pct': 0.007, 'hold_ticks': 280, 'exit_sma_mult': 1.002, 'position_size': 0.2}. Best is trial 202 with value: -53.09029643408221.
[I 2026-08-02 01:34:58,627] Trial 26567 finished with value: -61.76487674373364 and parameters: {'entry_sma_mult': 1.0, 'entry_rsi_min': 39, 'entry_rsi_max': 45, 'take_profit_pct': 0.009000000000000001, 'hold_ticks': 290, 'exit_sma_mult': 1.002, 'position_size': 0.22}. Best is trial 202 with value: -53.09029643408221.
[I 2026-08-02 01:34:59,737] Trial 26568 finished with value: -55.16670255762152 and parameters: {'entry_sma_mult': 0.9994999999999999, 'entry_rsi_min': 38, 'entry_rsi_max': 46, 'take_profit_pct': 0.008, 'hold_ticks': 290, 'exit_sma_mult': 1.002, 'position_size': 0.2}. Best is trial 202 with value: -53.09029643408221.
[I 2026-08-02 01:35:00,845] Trial 26569 finished with value: -62.27489088915023 and parameters: {'entry_sma_mult': 0.9994999999999999, 'entry_rsi_min': 39, 'entry_rsi_max': 47, 'take_profit_pct': 0.025, 'hold_ticks': 300, 'exit_sma_mult': 1.002, 'position_size': 0.2}. Best is trial 202 with value: -53.09029643408221.
