[I 2026-07-31 22:08:52,575] Trial 3589 finished with value: -7.131910314712489 and parameters: {'entry_sma_mult': 0.996, 'entry_rsi_min': 38, 'entry_rsi_max': 45, 'take_profit_pct': 0.009000000000000001, 'hold_ticks': 300, 'exit_sma_mult': 1.004, 'position_size': 0.2}. Best is trial 2179 with value: -0.5680222015935761.
[I 2026-07-31 22:08:52,697] Trial 3590 finished with value: -4.440882551862196 and parameters: {'entry_sma_mult': 0.995, 'entry_rsi_min': 37, 'entry_rsi_max': 46, 'take_profit_pct': 0.01, 'hold_ticks': 290, 'exit_sma_mult': 1.004, 'position_size': 0.2}. Best is trial 2179 with value: -0.5680222015935761.
[I 2026-07-31 22:08:52,806] Trial 3591 finished with value: -0.6103835453659303 and parameters: {'entry_sma_mult': 0.9954999999999999, 'entry_rsi_min': 37, 'entry_rsi_max': 45, 'take_profit_pct': 0.009000000000000001, 'hold_ticks': 300, 'exit_sma_mult': 1.003, 'position_size': 0.2}. Best is trial 2179 with value: -0.5680222015935761.
[I 2026-07-31 22:08:52,931] Trial 3592 finished with value: -2.160912666641889 and parameters: {'entry_sma_mult': 0.9954999999999999, 'entry_rsi_min': 37, 'entry_rsi_max': 45, 'take_profit_pct': 0.008, 'hold_ticks': 290, 'exit_sma_mult': 1.004, 'position_size': 0.2}. Best is trial 2179 with value: -0.5680222015935761.
[I 2026-07-31 22:08:53,048] Trial 3593 finished with value: -3.167288218708218 and parameters: {'entry_sma_mult': 0.996, 'entry_rsi_min': 36, 'entry_rsi_max': 46, 'take_profit_pct': 0.009000000000000001, 'hold_ticks': 300, 'exit_sma_mult': 1.003, 'position_size': 0.2}. Best is trial 2179 with value: -0.5680222015935761.
[I 2026-07-31 22:08:53,171] Trial 3594 finished with value: -3.4735251975617394 and parameters: {'entry_sma_mult': 0.996, 'entry_rsi_min': 36, 'entry_rsi_max': 45, 'take_profit_pct': 0.01, 'hold_ticks': 280, 'exit_sma_mult': 1.004, 'position_size': 0.2}. Best is trial 2179 with value: -0.5680222015935761.
[I 2026-07-31 22:08:53,302] Trial 3595 finished with value: -2.6243357199941055 and parameters: {'entry_sma_mult': 0.9954999999999999, 'entry_rsi_min': 35, 'entry_rsi_max': 45, 'take_profit_pct': 0.011, 'hold_ticks': 300, 'exit_sma_mult': 1.004, 'position_size': 0.2}. Best is trial 2179 with value: -0.5680222015935761.
[I 2026-07-31 22:08:53,435] Trial 3596 finished with value: -3.3266067290942556 and parameters: {'entry_sma_mult': 0.995, 'entry_rsi_min': 37, 'entry_rsi_max': 45, 'take_profit_pct': 0.009000000000000001, 'hold_ticks': 300, 'exit_sma_mult': 1.004, 'position_size': 0.2}. Best is trial 2179 with value: -0.5680222015935761.
[I 2026-07-31 22:08:53,562] Trial 3597 finished with value: -3.6437570646322093 and parameters: {'entry_sma_mult': 0.9954999999999999, 'entry_rsi_min': 38, 'entry_rsi_max': 46, 'take_profit_pct': 0.008, 'hold_ticks': 290, 'exit_sma_mult': 1.004, 'position_size': 0.2}. Best is trial 2179 with value: -0.5680222015935761.
[I 2026-07-31 22:08:53,683] Trial 3598 finished with value: -3.3266067290942556 and parameters: {'entry_sma_mult': 0.995, 'entry_rsi_min': 37, 'entry_rsi_max': 45, 'take_profit_pct': 0.009000000000000001, 'hold_ticks': 300, 'exit_sma_mult': 1.0035, 'position_size': 0.2}. Best is trial 2179 with value: -0.5680222015935761.
[I 2026-07-31 22:08:53,811] Trial 3599 finished with value: -2.4160930612360425 and parameters: {'entry_sma_mult': 0.9954999999999999, 'entry_rsi_min': 38, 'entry_rsi_max': 45, 'take_profit_pct': 0.01, 'hold_ticks': 290, 'exit_sma_mult': 1.003, 'position_size': 0.2}. Best is trial 2179 with value: -0.5680222015935761.
[I 2026-07-31 22:08:53,926] Trial 3600 finished with value: -1.4317520234831864 and parameters: {'entry_sma_mult': 0.9954999999999999, 'entry_rsi_min': 37, 'entry_rsi_max': 46, 'take_profit_pct': 0.009000000000000001, 'hold_ticks': 300, 'exit_sma_mult': 1.004, 'position_size': 0.2}. Best is trial 2179 with value: -0.5680222015935761.
[I 2026-07-31 22:08:54,047] Trial 3601 finished with value: -123.70756760207482 and parameters: {'entry_sma_mult': 1.002, 'entry_rsi_min': 37, 'entry_rsi_max': 45, 'take_profit_pct': 0.008, 'hold_ticks': 300, 'exit_sma_mult': 1.004, 'position_size': 0.2}. Best is trial 2179 with value: -0.5680222015935761.
[I 2026-07-31 22:08:54,160] Trial 3602 finished with value: -2.8000125951865815 and parameters: {'entry_sma_mult': 0.996, 'entry_rsi_min': 38, 'entry_rsi_max': 45, 'take_profit_pct': 0.009000000000000001, 'hold_ticks': 290, 'exit_sma_mult': 1.004, 'position_size': 0.2}. Best is trial 2179 with value: -0.5680222015935761.
[I 2026-07-31 22:08:54,296] Trial 3603 finished with value: -18.450220786447847 and parameters: {'entry_sma_mult': 0.995, 'entry_rsi_min': 36, 'entry_rsi_max': 45, 'take_profit_pct': 0.01, 'hold_ticks': 300, 'exit_sma_mult': 1.004, 'position_size': 0.2}. Best is trial 2179 with value: -0.5680222015935761.
[I 2026-07-31 22:08:54,428] Trial 3604 finished with value: -2.0329547691370133 and parameters: {'entry_sma_mult': 0.9954999999999999, 'entry_rsi_min': 37, 'entry_rsi_max': 45, 'take_profit_pct': 0.009000000000000001, 'hold_ticks': 280, 'exit_sma_mult': 1.004, 'position_size': 0.2}. Best is trial 2179 with value: -0.5680222015935761.
[I 2026-07-31 22:08:54,552] Trial 3605 finished with value: -2.6786226640142923 and parameters: {'entry_sma_mult': 0.996, 'entry_rsi_min': 36, 'entry_rsi_max': 46, 'take_profit_pct': 0.008, 'hold_ticks': 300, 'exit_sma_mult': 1.004, 'position_size': 0.2}. Best is trial 2179 with value: -0.5680222015935761.
[I 2026-07-31 22:08:54,680] Trial 3606 finished with value: -2.694809954305074 and parameters: {'entry_sma_mult': 0.9954999999999999, 'entry_rsi_min': 38, 'entry_rsi_max': 45, 'take_profit_pct': 0.009000000000000001, 'hold_ticks': 290, 'exit_sma_mult': 1.0035, 'position_size': 0.2}. Best is trial 2179 with value: -0.5680222015935761.
[I 2026-07-31 22:08:54,811] Trial 3607 finished with value: -6.873524860496776 and parameters: {'entry_sma_mult': 0.9954999999999999, 'entry_rsi_min': 37, 'entry_rsi_max': 45, 'take_profit_pct': 0.01, 'hold_ticks': 300, 'exit_sma_mult': 1.004, 'position_size': 0.2}. Best is trial 2179 with value: -0.5680222015935761.
[I 2026-07-31 22:08:54,933] Trial 3608 finished with value: -5.063140168205082 and parameters: {'entry_sma_mult': 0.995, 'entry_rsi_min': 37, 'entry_rsi_max': 46, 'take_profit_pct': 0.009000000000000001, 'hold_ticks': 290, 'exit_sma_mult': 1.003, 'position_size': 0.2}. Best is trial 2179 with value: -0.5680222015935761.
[I 2026-07-31 22:08:55,061] Trial 3609 finished with value: -12.576935869468628 and parameters: {'entry_sma_mult': 0.9954999999999999, 'entry_rsi_min': 36, 'entry_rsi_max': 45, 'take_profit_pct': 0.009000000000000001, 'hold_ticks': 280, 'exit_sma_mult': 1.004, 'position_size': 0.2}. Best is trial 2179 with value: -0.5680222015935761.
[I 2026-07-31 22:08:55,185] Trial 3610 finished with value: -2.2122335505875705 and parameters: {'entry_sma_mult': 0.996, 'entry_rsi_min': 38, 'entry_rsi_max': 46, 'take_profit_pct': 0.01, 'hold_ticks': 300, 'exit_sma_mult': 1.004, 'position_size': 0.2}. Best is trial 2179 with value: -0.5680222015935761.
[I 2026-07-31 22:08:55,304] Trial 3611 finished with value: -2.160912666641889 and parameters: {'entry_sma_mult': 0.9954999999999999, 'entry_rsi_min': 37, 'entry_rsi_max': 45, 'take_profit_pct': 0.008, 'hold_ticks': 290, 'exit_sma_mult': 1.004, 'position_size': 0.2}. Best is trial 2179 with value: -0.5680222015935761.
[I 2026-07-31 22:08:55,417] Trial 3612 finished with value: -34.135323681006625 and parameters: {'entry_sma_mult': 0.995, 'entry_rsi_min': 36, 'entry_rsi_max': 45, 'take_profit_pct': 0.009000000000000001, 'hold_ticks': 300, 'exit_sma_mult': 1.004, 'position_size': 0.2}. Best is trial 2179 with value: -0.5680222015935761.
[I 2026-07-31 22:08:55,537] Trial 3613 finished with value: -11.327541135126912 and parameters: {'entry_sma_mult': 0.9954999999999999, 'entry_rsi_min': 37, 'entry_rsi_max': 45, 'take_profit_pct': 0.012, 'hold_ticks': 290, 'exit_sma_mult': 1.004, 'position_size': 0.2}. Best is trial 2179 with value: -0.5680222015935761.
[I 2026-07-31 22:08:55,655] Trial 3614 finished with value: -3.483601273423319 and parameters: {'entry_sma_mult': 0.996, 'entry_rsi_min': 38, 'entry_rsi_max': 45, 'take_profit_pct': 0.013000000000000001, 'hold_ticks': 300, 'exit_sma_mult': 1.004, 'position_size': 0.2}. Best is trial 2179 with value: -0.5680222015935761.
[I 2026-07-31 22:08:55,792] Trial 3615 finished with value: -4.863204778892941 and parameters: {'entry_sma_mult': 0.9954999999999999, 'entry_rsi_min': 37, 'entry_rsi_max': 46, 'take_profit_pct': 0.009000000000000001, 'hold_ticks': 290, 'exit_sma_mult': 1.003, 'position_size': 0.34}. Best is trial 2179 with value: -0.5680222015935761.
[I 2026-07-31 22:08:55,904] Trial 3616 finished with value: -3.3266067290942556 and parameters: {'entry_sma_mult': 0.995, 'entry_rsi_min': 37, 'entry_rsi_max': 45, 'take_profit_pct': 0.009000000000000001, 'hold_ticks': 300, 'exit_sma_mult': 1.0035, 'position_size': 0.2}. Best is trial 2179 with value: -0.5680222015935761.
[I 2026-07-31 22:08:56,018] Trial 3617 finished with value: -6.140576571098881 and parameters: {'entry_sma_mult': 0.996, 'entry_rsi_min': 30, 'entry_rsi_max': 45, 'take_profit_pct': 0.01, 'hold_ticks': 300, 'exit_sma_mult': 1.004, 'position_size': 0.2}. Best is trial 2179 with value: -0.5680222015935761.
[I 2026-07-31 22:08:56,162] Trial 3618 finished with value: -2.160912666641889 and parameters: {'entry_sma_mult': 0.9954999999999999, 'entry_rsi_min': 37, 'entry_rsi_max': 45, 'take_profit_pct': 0.008, 'hold_ticks': 290, 'exit_sma_mult': 1.004, 'position_size': 0.2}. Best is trial 2179 with value: -0.5680222015935761.
[I 2026-07-31 22:08:56,281] Trial 3619 finished with value: -132.62025953476635 and parameters: {'entry_sma_mult': 1.003, 'entry_rsi_min': 38, 'entry_rsi_max': 45, 'take_profit_pct': 0.009000000000000001, 'hold_ticks': 300, 'exit_sma_mult': 1.004, 'position_size': 0.2}. Best is trial 2179 with value: -0.5680222015935761.
[I 2026-07-31 22:08:56,402] Trial 3620 finished with value: -1.1964680462489925 and parameters: {'entry_sma_mult': 0.9954999999999999, 'entry_rsi_min': 37, 'entry_rsi_max': 46, 'take_profit_pct': 0.01, 'hold_ticks': 300, 'exit_sma_mult': 1.003, 'position_size': 0.2}. Best is trial 2179 with value: -0.5680222015935761.
[I 2026-07-31 22:08:56,517] Trial 3621 finished with value: -3.6366208271553297 and parameters: {'entry_sma_mult': 0.996, 'entry_rsi_min': 36, 'entry_rsi_max': 45, 'take_profit_pct': 0.008, 'hold_ticks': 290, 'exit_sma_mult': 1.004, 'position_size': 0.2}. Best is trial 2179 with value: -0.5680222015935761.
[I 2026-07-31 22:08:56,638] Trial 3622 finished with value: -4.426077059334675 and parameters: {'entry_sma_mult': 0.995, 'entry_rsi_min': 38, 'entry_rsi_max': 45, 'take_profit_pct': 0.009000000000000001, 'hold_ticks': 300, 'exit_sma_mult': 1.004, 'position_size': 0.2}. Best is trial 2179 with value: -0.5680222015935761.
[I 2026-07-31 22:08:56,755] Trial 3623 finished with value: -12.366648314041957 and parameters: {'entry_sma_mult': 0.9954999999999999, 'entry_rsi_min': 36, 'entry_rsi_max': 46, 'take_profit_pct': 0.008, 'hold_ticks': 280, 'exit_sma_mult': 1.004, 'position_size': 0.2}. Best is trial 2179 with value: -0.5680222015935761.
[I 2026-07-31 22:08:56,883] Trial 3624 finished with value: -0.6103835453659303 and parameters: {'entry_sma_mult': 0.9954999999999999, 'entry_rsi_min': 37, 'entry_rsi_max': 45, 'take_profit_pct': 0.009000000000000001, 'hold_ticks': 300, 'exit_sma_mult': 1.003, 'position_size': 0.2}. Best is trial 2179 with value: -0.5680222015935761.
[I 2026-07-31 22:08:57,005] Trial 3625 finished with value: -10.651557882997913 and parameters: {'entry_sma_mult': 0.995, 'entry_rsi_min': 37, 'entry_rsi_max': 45, 'take_profit_pct': 0.009000000000000001, 'hold_ticks': 290, 'exit_sma_mult': 1.004, 'position_size': 0.2}. Best is trial 2179 with value: -0.5680222015935761.
[I 2026-07-31 22:08:57,128] Trial 3626 finished with value: -7.163173118305556 and parameters: {'entry_sma_mult': 0.996, 'entry_rsi_min': 36, 'entry_rsi_max': 45, 'take_profit_pct': 0.01, 'hold_ticks': 300, 'exit_sma_mult': 1.0035, 'position_size': 0.2}. Best is trial 2179 with value: -0.5680222015935761.
[I 2026-07-31 22:08:57,264] Trial 3627 finished with value: -2.9821694967492656 and parameters: {'entry_sma_mult': 0.9954999999999999, 'entry_rsi_min': 37, 'entry_rsi_max': 46, 'take_profit_pct': 0.008, 'hold_ticks': 290, 'exit_sma_mult': 1.004, 'position_size': 0.2}. Best is trial 2179 with value: -0.5680222015935761.
[I 2026-07-31 22:08:57,403] Trial 3628 finished with value: -8.336832589573577 and parameters: {'entry_sma_mult': 0.9954999999999999, 'entry_rsi_min': 38, 'entry_rsi_max': 45, 'take_profit_pct': 0.01, 'hold_ticks': 300, 'exit_sma_mult': 1.004, 'position_size': 0.2}. Best is trial 2179 with value: -0.5680222015935761.
[I 2026-07-31 22:08:57,548] Trial 3629 finished with value: -3.3266067290942556 and parameters: {'entry_sma_mult': 0.995, 'entry_rsi_min': 37, 'entry_rsi_max': 45, 'take_profit_pct': 0.009000000000000001, 'hold_ticks': 300, 'exit_sma_mult': 1.004, 'position_size': 0.2}. Best is trial 2179 with value: -0.5680222015935761.
[I 2026-07-31 22:08:57,677] Trial 3630 finished with value: -4.079396762597807 and parameters: {'entry_sma_mult': 0.996, 'entry_rsi_min': 36, 'entry_rsi_max': 45, 'take_profit_pct': 0.009000000000000001, 'hold_ticks': 290, 'exit_sma_mult': 1.003, 'position_size': 0.2}. Best is trial 2179 with value: -0.5680222015935761.
[I 2026-07-31 22:08:57,833] Trial 3631 finished with value: -13.494945970891038 and parameters: {'entry_sma_mult': 0.9954999999999999, 'entry_rsi_min': 24, 'entry_rsi_max': 46, 'take_profit_pct': 0.011, 'hold_ticks': 290, 'exit_sma_mult': 1.004, 'position_size': 0.2}. Best is trial 2179 with value: -0.5680222015935761.
[I 2026-07-31 22:08:57,975] Trial 3632 finished with value: -0.6103835453659303 and parameters: {'entry_sma_mult': 0.9954999999999999, 'entry_rsi_min': 37, 'entry_rsi_max': 45, 'take_profit_pct': 0.009000000000000001, 'hold_ticks': 300, 'exit_sma_mult': 1.004, 'position_size': 0.2}. Best is trial 2179 with value: -0.5680222015935761.
[I 2026-07-31 22:08:58,119] Trial 3633 finished with value: -8.671528992632165 and parameters: {'entry_sma_mult': 0.996, 'entry_rsi_min': 37, 'entry_rsi_max': 45, 'take_profit_pct': 0.01, 'hold_ticks': 300, 'exit_sma_mult': 1.004, 'position_size': 0.2}. Best is trial 2179 with value: -0.5680222015935761.
[I 2026-07-31 22:08:58,261] Trial 3634 finished with value: -5.232111920739735 and parameters: {'entry_sma_mult': 0.995, 'entry_rsi_min': 37, 'entry_rsi_max': 45, 'take_profit_pct': 0.008, 'hold_ticks': 280, 'exit_sma_mult': 1.004, 'position_size': 0.2}. Best is trial 2179 with value: -0.5680222015935761.
[I 2026-07-31 22:08:58,395] Trial 3635 finished with value: -249.6527806838469 and parameters: {'entry_sma_mult': 0.9954999999999999, 'entry_rsi_min': 36, 'entry_rsi_max': 45, 'take_profit_pct': 0.009000000000000001, 'hold_ticks': 140, 'exit_sma_mult': 1.0025, 'position_size': 0.2}. Best is trial 2179 with value: -0.5680222015935761.
[I 2026-07-31 22:08:58,532] Trial 3636 finished with value: -2.694809954305074 and parameters: {'entry_sma_mult': 0.9954999999999999, 'entry_rsi_min': 38, 'entry_rsi_max': 45, 'take_profit_pct': 0.009000000000000001, 'hold_ticks': 290, 'exit_sma_mult': 1.004, 'position_size': 0.2}. Best is trial 2179 with value: -0.5680222015935761.
[I 2026-07-31 22:08:58,672] Trial 3637 finished with value: -644.1596231229098 and parameters: {'entry_sma_mult': 0.995, 'entry_rsi_min': 20, 'entry_rsi_max': 46, 'take_profit_pct': 0.008, 'hold_ticks': 300, 'exit_sma_mult': 1.004, 'position_size': 0.2}. Best is trial 2179 with value: -0.5680222015935761.
[I 2026-07-31 22:08:58,803] Trial 3638 finished with value: -1.7430807253409148 and parameters: {'entry_sma_mult': 0.9954999999999999, 'entry_rsi_min': 37, 'entry_rsi_max': 45, 'take_profit_pct': 0.01, 'hold_ticks': 290, 'exit_sma_mult': 1.0035, 'position_size': 0.2}. Best is trial 2179 with value: -0.5680222015935761.
[I 2026-07-31 22:08:58,940] Trial 3639 finished with value: -7.131910314712489 and parameters: {'entry_sma_mult': 0.996, 'entry_rsi_min': 38, 'entry_rsi_max': 45, 'take_profit_pct': 0.009000000000000001, 'hold_ticks': 300, 'exit_sma_mult': 1.003, 'position_size': 0.2}. Best is trial 2179 with value: -0.5680222015935761.
[I 2026-07-31 22:08:59,077] Trial 3640 finished with value: -2.9821694967492656 and parameters: {'entry_sma_mult': 0.9954999999999999, 'entry_rsi_min': 37, 'entry_rsi_max': 46, 'take_profit_pct': 0.008, 'hold_ticks': 290, 'exit_sma_mult': 1.004, 'position_size': 0.2}. Best is trial 2179 with value: -0.5680222015935761.
[I 2026-07-31 22:08:59,216] Trial 3641 finished with value: -3.3266067290942556 and parameters: {'entry_sma_mult': 0.995, 'entry_rsi_min': 37, 'entry_rsi_max': 45, 'take_profit_pct': 0.009000000000000001, 'hold_ticks': 300, 'exit_sma_mult': 1.003, 'position_size': 0.2}. Best is trial 2179 with value: -0.5680222015935761.
[I 2026-07-31 22:08:59,353] Trial 3642 finished with value: -1.6120362742753969 and parameters: {'entry_sma_mult': 0.9954999999999999, 'entry_rsi_min': 36, 'entry_rsi_max': 45, 'take_profit_pct': 0.01, 'hold_ticks': 300, 'exit_sma_mult': 1.004, 'position_size': 0.2}. Best is trial 2179 with value: -0.5680222015935761.
[I 2026-07-31 22:08:59,482] Trial 3643 finished with value: -27.0861771190364 and parameters: {'entry_sma_mult': 0.996, 'entry_rsi_min': 38, 'entry_rsi_max': 46, 'take_profit_pct': 0.009000000000000001, 'hold_ticks': 40, 'exit_sma_mult': 1.004, 'position_size': 0.2}. Best is trial 2179 with value: -0.5680222015935761.
[I 2026-07-31 22:08:59,617] Trial 3644 finished with value: -2.1289844574555175 and parameters: {'entry_sma_mult': 0.9954999999999999, 'entry_rsi_min': 36, 'entry_rsi_max': 45, 'take_profit_pct': 0.009000000000000001, 'hold_ticks': 300, 'exit_sma_mult': 1.004, 'position_size': 0.2}. Best is trial 2179 with value: -0.5680222015935761.
[I 2026-07-31 22:08:59,761] Trial 3645 finished with value: -8.659207324775272 and parameters: {'entry_sma_mult': 0.996, 'entry_rsi_min': 37, 'entry_rsi_max': 45, 'take_profit_pct': 0.008, 'hold_ticks': 300, 'exit_sma_mult': 1.004, 'position_size': 0.2}. Best is trial 2179 with value: -0.5680222015935761.
[I 2026-07-31 22:08:59,880] Trial 3646 finished with value: -5.3717725661436635 and parameters: {'entry_sma_mult': 0.995, 'entry_rsi_min': 38, 'entry_rsi_max': 46, 'take_profit_pct': 0.01, 'hold_ticks': 280, 'exit_sma_mult': 1.004, 'position_size': 0.2}. Best is trial 2179 with value: -0.5680222015935761.
[I 2026-07-31 22:09:00,010] Trial 3647 finished with value: -2.0329547691370133 and parameters: {'entry_sma_mult': 0.9954999999999999, 'entry_rsi_min': 37, 'entry_rsi_max': 45, 'take_profit_pct': 0.009000000000000001, 'hold_ticks': 290, 'exit_sma_mult': 1.004, 'position_size': 0.2}. Best is trial 2179 with value: -0.5680222015935761.
[I 2026-07-31 22:09:00,155] Trial 3648 finished with value: -4.111178608171158 and parameters: {'entry_sma_mult': 0.9954999999999999, 'entry_rsi_min': 36, 'entry_rsi_max': 45, 'take_profit_pct': 0.008, 'hold_ticks': 290, 'exit_sma_mult': 1.003, 'position_size': 0.2}. Best is trial 2179 with value: -0.5680222015935761.
[I 2026-07-31 22:09:00,291] Trial 3649 finished with value: -8.007828648235021 and parameters: {'entry_sma_mult': 0.996, 'entry_rsi_min': 37, 'entry_rsi_max': 45, 'take_profit_pct': 0.009000000000000001, 'hold_ticks': 300, 'exit_sma_mult': 1.0035, 'position_size': 0.2}. Best is trial 2179 with value: -0.5680222015935761.
[I 2026-07-31 22:09:00,431] Trial 3650 finished with value: -6.873524860496776 and parameters: {'entry_sma_mult': 0.9954999999999999, 'entry_rsi_min': 37, 'entry_rsi_max': 45, 'take_profit_pct': 0.01, 'hold_ticks': 300, 'exit_sma_mult': 1.004, 'position_size': 0.2}. Best is trial 2179 with value: -0.5680222015935761.
[I 2026-07-31 22:09:00,571] Trial 3651 finished with value: -5.925629198520182 and parameters: {'entry_sma_mult': 0.995, 'entry_rsi_min': 38, 'entry_rsi_max': 45, 'take_profit_pct': 0.009000000000000001, 'hold_ticks': 290, 'exit_sma_mult': 1.004, 'position_size': 0.2}. Best is trial 2179 with value: -0.5680222015935761.
[I 2026-07-31 22:09:00,710] Trial 3652 finished with value: -7.24298011135925 and parameters: {'entry_sma_mult': 0.996, 'entry_rsi_min': 37, 'entry_rsi_max': 46, 'take_profit_pct': 0.009000000000000001, 'hold_ticks': 300, 'exit_sma_mult': 1.004, 'position_size': 0.2}. Best is trial 2179 with value: -0.5680222015935761.



== optuna_12h_core0.log: last 100 lines ==
[I 2026-08-02 01:34:16,148] Trial 26237 finished with value: -70.20448779407671 and parameters: {'entry_sma_mult': 0.9954999999999999, 'entry_rsi_min': 39, 'entry_rsi_max': 50, 'take_profit_pct': 0.007, 'hold_ticks': 140, 'exit_sma_mult': 1.0045, 'position_size': 0.2}. Best is trial 4279 with value: -2.902454481144905.
[I 2026-08-02 01:34:17,190] Trial 26238 finished with value: -3.885074625331381 and parameters: {'entry_sma_mult': 0.996, 'entry_rsi_min': 40, 'entry_rsi_max': 49, 'take_profit_pct': 0.008, 'hold_ticks': 130, 'exit_sma_mult': 1.005, 'position_size': 0.22}. Best is trial 4279 with value: -2.902454481144905.
[I 2026-08-02 01:34:18,269] Trial 26239 finished with value: -35.13136489398843 and parameters: {'entry_sma_mult': 0.996, 'entry_rsi_min': 40, 'entry_rsi_max': 49, 'take_profit_pct': 0.006, 'hold_ticks': 90, 'exit_sma_mult': 1.0045, 'position_size': 0.34}. Best is trial 4279 with value: -2.902454481144905.
[I 2026-08-02 01:34:19,357] Trial 26240 finished with value: -105.39240486808326 and parameters: {'entry_sma_mult': 0.9964999999999999, 'entry_rsi_min': 40, 'entry_rsi_max': 48, 'take_profit_pct': 0.006, 'hold_ticks': 70, 'exit_sma_mult': 1.0045, 'position_size': 0.2}. Best is trial 4279 with value: -2.902454481144905.
